2025-05-25 21:42:55 INFO - Loading pretrained weights from Hugging Face hub (timm/tf_efficientnetv2_s.in21k_ft_in1k)
2025-05-25 21:42:56 INFO - [timm/tf_efficientnetv2_s.in21k_ft_in1k] Safe alternative available for 'pytorch_model.bin' (as 'model.safetensors'). Loading weights using safetensors.
2025-05-25 21:42:56 WARNING - Unexpected keys (bn2.bias, bn2.num_batches_tracked, bn2.running_mean, bn2.running_var, bn2.weight, classifier.bias, classifier.weight, conv_head.weight) found while loading pretrained weights. This may be expected if model is being adapted.
2025-05-25 21:44:12 INFO - Epoch 01 – Train Loss 1.1405 – Time 1m 15s (remain 0m 0s)
2025-05-25 21:44:17 INFO - Ep01 TL 1.1405 VL 0.7123 ACC 0.7403
2025-05-25 21:45:22 INFO - Epoch 02 – Train Loss 0.9861 – Time 1m 5s (remain 0m 0s)
2025-05-25 21:45:27 INFO - Ep02 TL 0.9861 VL 0.6504 ACC 0.7755
2025-05-25 21:46:32 INFO - Epoch 03 – Train Loss 0.9270 – Time 1m 4s (remain 0m 0s)
2025-05-25 21:46:37 INFO - Ep03 TL 0.9270 VL 0.5645 ACC 0.8046
2025-05-25 21:47:43 INFO - Epoch 04 – Train Loss 0.9209 – Time 1m 4s (remain 0m 0s)
2025-05-25 21:47:47 INFO - Ep04 TL 0.9209 VL 0.6074 ACC 0.7925
2025-05-25 21:48:55 INFO - Epoch 05 – Train Loss 0.8755 – Time 1m 7s (remain 0m 0s)
2025-05-25 21:49:01 INFO - Ep05 TL 0.8755 VL 0.5783 ACC 0.7949
2025-05-25 21:50:08 INFO - Epoch 06 – Train Loss 0.8762 – Time 1m 7s (remain 0m 0s)
2025-05-25 21:50:12 INFO - Ep06 TL 0.8762 VL 0.5550 ACC 0.8107
2025-05-25 21:51:20 INFO - Epoch 07 – Train Loss 0.8684 – Time 1m 7s (remain 0m 0s)
2025-05-25 21:51:26 INFO - Ep07 TL 0.8684 VL 0.5559 ACC 0.8095
2025-05-25 21:52:39 INFO - Epoch 08 – Train Loss 0.8538 – Time 1m 12s (remain 0m 0s)
2025-05-25 21:52:45 INFO - Ep08 TL 0.8538 VL 0.5627 ACC 0.8010
2025-05-25 21:53:49 INFO - Epoch 09 – Train Loss 0.8460 – Time 1m 4s (remain 0m 0s)
2025-05-25 21:53:54 INFO - Ep09 TL 0.8460 VL 0.5542 ACC 0.8143
2025-05-25 21:55:03 INFO - Epoch 10 – Train Loss 0.8324 – Time 1m 8s (remain 0m 0s)
2025-05-25 21:55:09 INFO - Ep10 TL 0.8324 VL 0.5411 ACC 0.8180
2025-05-25 21:56:23 INFO - Epoch 11 – Train Loss 0.8493 – Time 1m 13s (remain 0m 0s)
2025-05-25 21:56:29 INFO - Ep11 TL 0.8493 VL 0.5339 ACC 0.8119
2025-05-25 21:57:38 INFO - Epoch 12 – Train Loss 0.8354 – Time 1m 9s (remain 0m 0s)
2025-05-25 21:57:44 INFO - Ep12 TL 0.8354 VL 0.5458 ACC 0.8143
2025-05-25 21:58:53 INFO - Epoch 13 – Train Loss 0.8230 – Time 1m 9s (remain 0m 0s)
2025-05-25 21:58:58 INFO - Ep13 TL 0.8230 VL 0.5221 ACC 0.8155
2025-05-25 22:00:09 INFO - Epoch 14 – Train Loss 0.8232 – Time 1m 10s (remain 0m 0s)
2025-05-25 22:00:14 INFO - Ep14 TL 0.8232 VL 0.5369 ACC 0.8131
2025-05-25 22:01:23 INFO - Epoch 15 – Train Loss 0.8180 – Time 1m 9s (remain 0m 0s)
2025-05-25 22:01:28 INFO - Ep15 TL 0.8180 VL 0.5910 ACC 0.8095
2025-05-25 22:02:32 INFO - Epoch 16 – Train Loss 0.8153 – Time 1m 3s (remain 0m 0s)
2025-05-25 22:02:37 INFO - Ep16 TL 0.8153 VL 0.5285 ACC 0.8167
2025-05-25 22:03:42 INFO - Epoch 17 – Train Loss 0.8072 – Time 1m 5s (remain 0m 0s)
2025-05-25 22:03:47 INFO - Ep17 TL 0.8072 VL 0.5900 ACC 0.7876
2025-05-25 22:04:54 INFO - Epoch 18 – Train Loss 0.8185 – Time 1m 7s (remain 0m 0s)
2025-05-25 22:04:59 INFO - Ep18 TL 0.8185 VL 0.5404 ACC 0.8058
2025-05-25 22:06:04 INFO - Epoch 19 – Train Loss 0.8153 – Time 1m 5s (remain 0m 0s)
2025-05-25 22:06:09 INFO - Ep19 TL 0.8153 VL 0.5832 ACC 0.7961
2025-05-25 22:07:15 INFO - Epoch 20 – Train Loss 0.7991 – Time 1m 5s (remain 0m 0s)
2025-05-25 22:07:19 INFO - Ep20 TL 0.7991 VL 0.5575 ACC 0.8022
2025-05-25 22:08:24 INFO - Epoch 21 – Train Loss 0.7856 – Time 1m 4s (remain 0m 0s)
2025-05-25 22:08:29 INFO - Ep21 TL 0.7856 VL 0.5682 ACC 0.7973
2025-05-25 22:09:34 INFO - Epoch 22 – Train Loss 0.7611 – Time 1m 4s (remain 0m 0s)
2025-05-25 22:09:40 INFO - Ep22 TL 0.7611 VL 0.5502 ACC 0.8167
2025-05-25 22:10:48 INFO - Epoch 23 – Train Loss 0.7709 – Time 1m 8s (remain 0m 0s)
2025-05-25 22:10:54 INFO - Ep23 TL 0.7709 VL 0.5460 ACC 0.8119
2025-05-25 22:12:02 INFO - Epoch 24 – Train Loss 0.7867 – Time 1m 8s (remain 0m 0s)
2025-05-25 22:12:07 INFO - Ep24 TL 0.7867 VL 0.5496 ACC 0.8131
2025-05-25 22:13:15 INFO - Epoch 25 – Train Loss 0.7829 – Time 1m 8s (remain 0m 0s)
2025-05-25 22:13:21 INFO - Ep25 TL 0.7829 VL 0.5270 ACC 0.8131
2025-05-25 22:14:27 INFO - Epoch 26 – Train Loss 0.7526 – Time 1m 5s (remain 0m 0s)
2025-05-25 22:14:31 INFO - Ep26 TL 0.7526 VL 0.5859 ACC 0.7852
2025-05-25 22:15:39 INFO - Epoch 27 – Train Loss 0.7532 – Time 1m 7s (remain 0m 0s)
2025-05-25 22:15:43 INFO - Ep27 TL 0.7532 VL 0.5549 ACC 0.8046
2025-05-25 22:16:49 INFO - Epoch 28 – Train Loss 0.7262 – Time 1m 5s (remain 0m 0s)
2025-05-25 22:16:54 INFO - Ep28 TL 0.7262 VL 0.5506 ACC 0.7998
2025-05-25 22:18:05 INFO - Epoch 29 – Train Loss 0.7619 – Time 1m 10s (remain 0m 0s)
2025-05-25 22:18:11 INFO - Ep29 TL 0.7619 VL 0.5670 ACC 0.8083
2025-05-25 22:19:24 INFO - Epoch 30 – Train Loss 0.7344 – Time 1m 13s (remain 0m 0s)
2025-05-25 22:19:30 INFO - Ep30 TL 0.7344 VL 0.5557 ACC 0.8131
2025-05-25 22:20:41 INFO - Epoch 31 – Train Loss 0.7572 – Time 1m 11s (remain 0m 0s)
2025-05-25 22:20:47 INFO - Ep31 TL 0.7572 VL 0.5896 ACC 0.7888
2025-05-25 22:21:57 INFO - Epoch 32 – Train Loss 0.7311 – Time 1m 10s (remain 0m 0s)
2025-05-25 22:22:02 INFO - Ep32 TL 0.7311 VL 0.5958 ACC 0.7791
2025-05-25 22:23:11 INFO - Epoch 33 – Train Loss 0.7322 – Time 1m 8s (remain 0m 0s)
2025-05-25 22:23:16 INFO - Ep33 TL 0.7322 VL 0.5915 ACC 0.7791
2025-05-25 22:24:25 INFO - Epoch 34 – Train Loss 0.7372 – Time 1m 8s (remain 0m 0s)
2025-05-25 22:24:30 INFO - Ep34 TL 0.7372 VL 0.5832 ACC 0.7949
2025-05-25 22:25:34 INFO - Epoch 35 – Train Loss 0.7151 – Time 1m 4s (remain 0m 0s)
2025-05-25 22:25:39 INFO - Ep35 TL 0.7151 VL 0.5952 ACC 0.7864
2025-05-25 22:26:44 INFO - Epoch 36 – Train Loss 0.7180 – Time 1m 5s (remain 0m 0s)
2025-05-25 22:26:50 INFO - Ep36 TL 0.7180 VL 0.6198 ACC 0.7828
2025-05-25 22:28:01 INFO - Epoch 37 – Train Loss 0.7352 – Time 1m 11s (remain 0m 0s)
2025-05-25 22:28:07 INFO - Ep37 TL 0.7352 VL 0.6010 ACC 0.7852
2025-05-25 22:29:16 INFO - Epoch 38 – Train Loss 0.7057 – Time 1m 8s (remain 0m 0s)
2025-05-25 22:29:21 INFO - Ep38 TL 0.7057 VL 0.5747 ACC 0.8034
2025-05-25 22:30:29 INFO - Epoch 39 – Train Loss 0.6955 – Time 1m 8s (remain 0m 0s)
2025-05-25 22:30:34 INFO - Ep39 TL 0.6955 VL 0.5993 ACC 0.8095
2025-05-25 22:31:39 INFO - Epoch 40 – Train Loss 0.7160 – Time 1m 5s (remain 0m 0s)
2025-05-25 22:31:44 INFO - Ep40 TL 0.7160 VL 0.6101 ACC 0.7925
2025-05-25 22:32:57 INFO - Epoch 41 – Train Loss 0.6999 – Time 1m 12s (remain 0m 0s)
2025-05-25 22:33:02 INFO - Ep41 TL 0.6999 VL 0.6096 ACC 0.7876
2025-05-25 22:34:14 INFO - Epoch 42 – Train Loss 0.6984 – Time 1m 11s (remain 0m 0s)
2025-05-25 22:34:19 INFO - Ep42 TL 0.6984 VL 0.6244 ACC 0.7803
2025-05-25 22:35:24 INFO - Epoch 43 – Train Loss 0.7014 – Time 1m 4s (remain 0m 0s)
2025-05-25 22:35:29 INFO - Ep43 TL 0.7014 VL 0.6034 ACC 0.8022
2025-05-25 22:36:39 INFO - Epoch 44 – Train Loss 0.6782 – Time 1m 10s (remain 0m 0s)
2025-05-25 22:36:44 INFO - Ep44 TL 0.6782 VL 0.6175 ACC 0.7852
2025-05-25 22:37:51 INFO - Epoch 45 – Train Loss 0.6916 – Time 1m 6s (remain 0m 0s)
2025-05-25 22:37:57 INFO - Ep45 TL 0.6916 VL 0.6409 ACC 0.7767
2025-05-25 22:39:04 INFO - Epoch 46 – Train Loss 0.6898 – Time 1m 7s (remain 0m 0s)
2025-05-25 22:39:09 INFO - Ep46 TL 0.6898 VL 0.6140 ACC 0.7828
2025-05-25 22:40:14 INFO - Epoch 47 – Train Loss 0.6583 – Time 1m 5s (remain 0m 0s)
2025-05-25 22:40:19 INFO - Ep47 TL 0.6583 VL 0.6045 ACC 0.7779
2025-05-25 22:41:23 INFO - Epoch 48 – Train Loss 0.6765 – Time 1m 4s (remain 0m 0s)
2025-05-25 22:41:29 INFO - Ep48 TL 0.6765 VL 0.6144 ACC 0.7900
2025-05-25 22:42:38 INFO - Epoch 49 – Train Loss 0.6772 – Time 1m 9s (remain 0m 0s)
2025-05-25 22:42:44 INFO - Ep49 TL 0.6772 VL 0.6051 ACC 0.7961
2025-05-25 22:43:51 INFO - Epoch 50 – Train Loss 0.6567 – Time 1m 7s (remain 0m 0s)
2025-05-25 22:43:57 INFO - Ep50 TL 0.6567 VL 0.6267 ACC 0.7791
2025-05-25 22:45:05 INFO - Epoch 51 – Train Loss 0.6897 – Time 1m 8s (remain 0m 0s)
2025-05-25 22:45:10 INFO - Ep51 TL 0.6897 VL 0.6214 ACC 0.7852
2025-05-25 22:46:16 INFO - Epoch 52 – Train Loss 0.6481 – Time 1m 5s (remain 0m 0s)
2025-05-25 22:46:21 INFO - Ep52 TL 0.6481 VL 0.6092 ACC 0.7888
2025-05-25 22:47:26 INFO - Epoch 53 – Train Loss 0.6691 – Time 1m 5s (remain 0m 0s)
2025-05-25 22:47:31 INFO - Ep53 TL 0.6691 VL 0.6156 ACC 0.7998
2025-05-25 22:48:36 INFO - Epoch 54 – Train Loss 0.6260 – Time 1m 4s (remain 0m 0s)
2025-05-25 22:48:41 INFO - Ep54 TL 0.6260 VL 0.6234 ACC 0.7961
2025-05-25 22:49:52 INFO - Epoch 55 – Train Loss 0.6460 – Time 1m 11s (remain 0m 0s)
2025-05-25 22:49:57 INFO - Ep55 TL 0.6460 VL 0.6301 ACC 0.7852
2025-05-25 22:51:03 INFO - Epoch 56 – Train Loss 0.6526 – Time 1m 5s (remain 0m 0s)
2025-05-25 22:51:08 INFO - Ep56 TL 0.6526 VL 0.6257 ACC 0.7755
2025-05-25 22:52:17 INFO - Epoch 57 – Train Loss 0.6522 – Time 1m 9s (remain 0m 0s)
2025-05-25 22:52:22 INFO - Ep57 TL 0.6522 VL 0.6329 ACC 0.7828
2025-05-25 22:53:34 INFO - Epoch 58 – Train Loss 0.6401 – Time 1m 12s (remain 0m 0s)
2025-05-25 22:53:40 INFO - Ep58 TL 0.6401 VL 0.6486 ACC 0.7828
2025-05-25 22:54:51 INFO - Epoch 59 – Train Loss 0.6963 – Time 1m 11s (remain 0m 0s)
2025-05-25 22:54:57 INFO - Ep59 TL 0.6963 VL 0.6167 ACC 0.7791
2025-05-25 22:56:03 INFO - Epoch 60 – Train Loss 0.6750 – Time 1m 5s (remain 0m 0s)
2025-05-25 22:56:09 INFO - Ep60 TL 0.6750 VL 0.6455 ACC 0.7718
2025-05-25 22:57:14 INFO - Epoch 61 – Train Loss 0.6452 – Time 1m 5s (remain 0m 0s)
2025-05-25 22:57:20 INFO - Ep61 TL 0.6452 VL 0.6139 ACC 0.7888
2025-05-25 22:58:29 INFO - Epoch 62 – Train Loss 0.6318 – Time 1m 9s (remain 0m 0s)
2025-05-25 22:58:34 INFO - Ep62 TL 0.6318 VL 0.6439 ACC 0.7767
2025-05-25 22:59:45 INFO - Epoch 63 – Train Loss 0.6825 – Time 1m 10s (remain 0m 0s)
2025-05-25 22:59:51 INFO - Ep63 TL 0.6825 VL 0.6495 ACC 0.7731
2025-05-25 23:01:02 INFO - Epoch 64 – Train Loss 0.6391 – Time 1m 11s (remain 0m 0s)
2025-05-25 23:01:07 INFO - Ep64 TL 0.6391 VL 0.6462 ACC 0.7731
2025-05-25 23:02:12 INFO - Epoch 65 – Train Loss 0.6351 – Time 1m 4s (remain 0m 0s)
2025-05-25 23:02:18 INFO - Ep65 TL 0.6351 VL 0.6374 ACC 0.7791
2025-05-25 23:03:30 INFO - Epoch 66 – Train Loss 0.6531 – Time 1m 12s (remain 0m 0s)
2025-05-25 23:03:36 INFO - Ep66 TL 0.6531 VL 0.6389 ACC 0.7852
2025-05-25 23:04:44 INFO - Epoch 67 – Train Loss 0.6121 – Time 1m 8s (remain 0m 0s)
2025-05-25 23:04:49 INFO - Ep67 TL 0.6121 VL 0.6618 ACC 0.7743
2025-05-25 23:06:01 INFO - Epoch 68 – Train Loss 0.6378 – Time 1m 12s (remain 0m 0s)
2025-05-25 23:06:08 INFO - Ep68 TL 0.6378 VL 0.6550 ACC 0.7803
2025-05-25 23:07:16 INFO - Epoch 69 – Train Loss 0.6315 – Time 1m 7s (remain 0m 0s)
2025-05-25 23:07:21 INFO - Ep69 TL 0.6315 VL 0.6465 ACC 0.7767
2025-05-25 23:08:29 INFO - Epoch 70 – Train Loss 0.6406 – Time 1m 8s (remain 0m 0s)
2025-05-25 23:08:35 INFO - Ep70 TL 0.6406 VL 0.6465 ACC 0.7852
2025-05-25 23:09:45 INFO - Epoch 71 – Train Loss 0.6254 – Time 1m 10s (remain 0m 0s)
2025-05-25 23:09:50 INFO - Ep71 TL 0.6254 VL 0.6554 ACC 0.7791
2025-05-25 23:10:55 INFO - Epoch 72 – Train Loss 0.6208 – Time 1m 4s (remain 0m 0s)
2025-05-25 23:11:00 INFO - Ep72 TL 0.6208 VL 0.6370 ACC 0.7731
2025-05-25 23:12:05 INFO - Epoch 73 – Train Loss 0.6276 – Time 1m 5s (remain 0m 0s)
2025-05-25 23:12:10 INFO - Ep73 TL 0.6276 VL 0.6459 ACC 0.7791
2025-05-25 23:13:17 INFO - Epoch 74 – Train Loss 0.6124 – Time 1m 6s (remain 0m 0s)
2025-05-25 23:13:22 INFO - Ep74 TL 0.6124 VL 0.6373 ACC 0.7925
2025-05-25 23:14:28 INFO - Epoch 75 – Train Loss 0.6243 – Time 1m 6s (remain 0m 0s)
2025-05-25 23:14:34 INFO - Ep75 TL 0.6243 VL 0.6347 ACC 0.7828
2025-05-25 23:15:40 INFO - Epoch 76 – Train Loss 0.6039 – Time 1m 5s (remain 0m 0s)
2025-05-25 23:15:45 INFO - Ep76 TL 0.6039 VL 0.6153 ACC 0.7913
2025-05-25 23:16:52 INFO - Epoch 77 – Train Loss 0.6122 – Time 1m 7s (remain 0m 0s)
2025-05-25 23:16:57 INFO - Ep77 TL 0.6122 VL 0.6353 ACC 0.7900
2025-05-25 23:18:02 INFO - Epoch 78 – Train Loss 0.6303 – Time 1m 4s (remain 0m 0s)
2025-05-25 23:18:07 INFO - Ep78 TL 0.6303 VL 0.6334 ACC 0.7718
2025-05-25 23:19:14 INFO - Epoch 79 – Train Loss 0.6283 – Time 1m 7s (remain 0m 0s)
2025-05-25 23:19:20 INFO - Ep79 TL 0.6283 VL 0.6176 ACC 0.7925
2025-05-25 23:20:33 INFO - Epoch 80 – Train Loss 0.6214 – Time 1m 13s (remain 0m 0s)
2025-05-25 23:20:39 INFO - Ep80 TL 0.6214 VL 0.6167 ACC 0.7961
2025-05-25 23:21:47 INFO - Epoch 81 – Train Loss 0.6021 – Time 1m 7s (remain 0m 0s)
2025-05-25 23:21:53 INFO - Ep81 TL 0.6021 VL 0.6298 ACC 0.7888
2025-05-25 23:23:02 INFO - Epoch 82 – Train Loss 0.6054 – Time 1m 9s (remain 0m 0s)
2025-05-25 23:23:08 INFO - Ep82 TL 0.6054 VL 0.6413 ACC 0.7900
2025-05-25 23:24:17 INFO - Epoch 83 – Train Loss 0.6124 – Time 1m 9s (remain 0m 0s)
2025-05-25 23:24:23 INFO - Ep83 TL 0.6124 VL 0.6443 ACC 0.7852
2025-05-25 23:25:28 INFO - Epoch 84 – Train Loss 0.6235 – Time 1m 5s (remain 0m 0s)
2025-05-25 23:25:33 INFO - Ep84 TL 0.6235 VL 0.6570 ACC 0.7852
2025-05-25 23:26:45 INFO - Epoch 85 – Train Loss 0.6143 – Time 1m 11s (remain 0m 0s)
2025-05-25 23:26:50 INFO - Ep85 TL 0.6143 VL 0.6293 ACC 0.7840
2025-05-25 23:27:56 INFO - Epoch 86 – Train Loss 0.6006 – Time 1m 6s (remain 0m 0s)
2025-05-25 23:28:01 INFO - Ep86 TL 0.6006 VL 0.6522 ACC 0.7888
2025-05-25 23:29:06 INFO - Epoch 87 – Train Loss 0.6278 – Time 1m 5s (remain 0m 0s)
2025-05-25 23:29:11 INFO - Ep87 TL 0.6278 VL 0.6354 ACC 0.7937
2025-05-25 23:30:19 INFO - Epoch 88 – Train Loss 0.6066 – Time 1m 7s (remain 0m 0s)
2025-05-25 23:30:24 INFO - Ep88 TL 0.6066 VL 0.6395 ACC 0.7900
2025-05-25 23:31:35 INFO - Epoch 89 – Train Loss 0.6114 – Time 1m 10s (remain 0m 0s)
2025-05-25 23:31:40 INFO - Ep89 TL 0.6114 VL 0.6339 ACC 0.7864
2025-05-25 23:32:47 INFO - Epoch 90 – Train Loss 0.5921 – Time 1m 7s (remain 0m 0s)
2025-05-25 23:32:53 INFO - Ep90 TL 0.5921 VL 0.6450 ACC 0.7828
2025-05-25 23:34:02 INFO - Epoch 91 – Train Loss 0.6329 – Time 1m 9s (remain 0m 0s)
2025-05-25 23:34:08 INFO - Ep91 TL 0.6329 VL 0.6320 ACC 0.7840
2025-05-25 23:35:17 INFO - Epoch 92 – Train Loss 0.5909 – Time 1m 8s (remain 0m 0s)
2025-05-25 23:35:21 INFO - Ep92 TL 0.5909 VL 0.6324 ACC 0.7876
2025-05-25 23:36:26 INFO - Epoch 93 – Train Loss 0.6321 – Time 1m 4s (remain 0m 0s)
2025-05-25 23:36:31 INFO - Ep93 TL 0.6321 VL 0.6343 ACC 0.7852
2025-05-25 23:37:36 INFO - Epoch 94 – Train Loss 0.6145 – Time 1m 5s (remain 0m 0s)
2025-05-25 23:37:42 INFO - Ep94 TL 0.6145 VL 0.6394 ACC 0.7913
2025-05-25 23:38:48 INFO - Epoch 95 – Train Loss 0.6071 – Time 1m 6s (remain 0m 0s)
2025-05-25 23:38:54 INFO - Ep95 TL 0.6071 VL 0.6284 ACC 0.7949
2025-05-25 23:40:07 INFO - Epoch 96 – Train Loss 0.6037 – Time 1m 12s (remain 0m 0s)
2025-05-25 23:40:12 INFO - Ep96 TL 0.6037 VL 0.6452 ACC 0.7888
2025-05-25 23:41:21 INFO - Epoch 97 – Train Loss 0.6320 – Time 1m 8s (remain 0m 0s)
2025-05-25 23:41:26 INFO - Ep97 TL 0.6320 VL 0.6332 ACC 0.7876
2025-05-25 23:42:31 INFO - Epoch 98 – Train Loss 0.5840 – Time 1m 5s (remain 0m 0s)
2025-05-25 23:42:36 INFO - Ep98 TL 0.5840 VL 0.6642 ACC 0.7852
2025-05-25 23:43:43 INFO - Epoch 99 – Train Loss 0.6116 – Time 1m 7s (remain 0m 0s)
2025-05-25 23:43:48 INFO - Ep99 TL 0.6116 VL 0.6480 ACC 0.7900
2025-05-25 23:44:56 INFO - Epoch 100 – Train Loss 0.6255 – Time 1m 7s (remain 0m 0s)
2025-05-25 23:45:01 INFO - Ep100 TL 0.6255 VL 0.6507 ACC 0.7876
2025-05-25 23:45:01 INFO - Final ACC on validation set: 0.8180
